<?xml version="1.0" encoding="UTF-8"?>
<!-- Generated by org.testng.reporters.JUnitReportReporter -->
<testsuite hostname="LN0C5772E6454B" name="Tab_Browser_PopUps.Tab_Browser_PopUps" tests="1" failures="0" timestamp="29 Jul 2018 09:24:09 GMT" time="21.909" errors="0">
  <testcase name="testRobot" time="21.909" classname="Tab_Browser_PopUps.Tab_Browser_PopUps"/>
</testsuite> <!-- Tab_Browser_PopUps.Tab_Browser_PopUps -->
