<?xml version="1.0" encoding="UTF-8"?>
<!-- Generated by org.testng.reporters.JUnitReportReporter -->
<testsuite hostname="LN0C5772E6454B" name="Tab_Browser_PopUps.HandleBrowsersPopUps" tests="1" failures="0" timestamp="29 Jul 2018 09:26:05 GMT" time="22.159" errors="0">
  <testcase name="testRobot" time="22.159" classname="Tab_Browser_PopUps.HandleBrowsersPopUps"/>
</testsuite> <!-- Tab_Browser_PopUps.HandleBrowsersPopUps -->
